[INFO] ------------------------------------------------------------
[INFO] Inicio pipeline SVR con features DEN+DYS (protocolo paper)
[INFO] Agregando features DEN a nivel paciente …
[INFO] Agregando features DYS a nivel paciente …
[INFO] Cargando DYS por paciente desde /lhome/ext/upc150/upc1503/afasia_cat/codigos_julio2025/data/dys_pauses_by_patient.csv
[INFO] Emparejados con DYS-paciente: 51 de 399
[INFO] Filtrando features no numéricas: 63 -> 62
[INFO] Total features DEN: 28 | DYS: 34 | TOTAL: 62
[INFO] Pacientes  en:386  es:8  ca:5
[INFO] GridSearchCV (SVR) solo EN con GroupKFold=4 …
[INFO] Mejor params CV-EN: {'svr__C': 100, 'svr__epsilon': 1, 'svr__kernel': 'rbf', 'svr__shrinking': True}
[INFO] CV-EN     → MAE 10.84 | R² 0.51 | ρ 0.68
[INFO] EN_IN (RAW integers) → Acc@1 37.05% | Acc@5 75.65% | Exact 0.00%
[INFO] EN_IN (RAW) → MAE 3.97 | R² 0.87 | ρ 0.92
[INFO] EN_IN (CAL integers) → Acc@1 19.69% | Acc@5 68.65% | Exact 1.04%
[INFO] EN_IN (CAL) → MAE 5.00 | R² 0.85 | ρ 0.91
[INFO] INT        (RAW) → MAE 16.64 | R² -0.05 | ρ 0.10
[INFO] INT        (RAW integers) → Acc@1 0.00% | Acc@5 0.00% | Exact 0.00%
[INFO] INT        (CAL) → MAE 15.80 | R² 0.03 | ρ 0.30
[INFO] INT        (CAL integers) → Acc@1 0.00% | Acc@5 12.50% | Exact 0.00%
[INFO] EXT        (RAW) → MAE 28.16 | R² -0.25 | ρ 0.20
[INFO] EXT        (RAW integers) → Acc@1 0.00% | Acc@5 0.00% | Exact 0.00%
[INFO] EXT        (CAL) → MAE 28.29 | R² -0.23 | ρ nan
[INFO] EXT        (CAL integers) → Acc@1 0.00% | Acc@5 0.00% | Exact 0.00%
[INFO] Proceso completado — resultados en results/SVR_DEN_DYS_PAPER_20251009_125719
