[2025-12-10 22:50:09] [INFO] ======================================================================
[2025-12-10 22:50:09] [INFO] SVR COMPLETO FINAL - SFS_POSLM-BACKOFF_ZNORM-STD_STRATIFIED
[2025-12-10 22:50:09] [INFO] ======================================================================
[2025-12-10 22:50:09] [INFO] Output: /lhome/ext/upc150/upc1503/afasia_cat/codigos_julio2025/outputs/experiments/resultados_svr/SVR_20251210_225009_SFS_POSLM-BACKOFF_ZNORM-STD_STRATIFIED
[2025-12-10 22:50:09] [INFO] Configuration:
[2025-12-10 22:50:09] [INFO]   Features:          sfs
[2025-12-10 22:50:09] [INFO]   POS-LM method:     backoff
[2025-12-10 22:50:09] [INFO]   CV inner folds:    5
[2025-12-10 22:50:09] [INFO]   Z-norm controls:   False
[2025-12-10 22:50:09] [INFO]   Stratified CV:     True (25% de cada sub-dataset)
[2025-12-10 22:50:09] [INFO]   Dataset:           dataset_FINAL_CON_POSLM.csv
[2025-12-10 22:50:09] [INFO]   Exclude empty:     False
[2025-12-10 22:50:09] [INFO]   Notes:             Replicacion experimento 20251205_162222_SFS_POSLM-BACKOFF
[2025-12-10 22:50:09] [INFO]   SHAP:              disponible
[2025-12-10 22:50:09] [INFO] 
Config guardada: CONFIG.txt, config.json
[2025-12-10 22:50:09] [INFO] 
======================================================================
[2025-12-10 22:50:09] [INFO] CARGANDO DATOS
[2025-12-10 22:50:09] [INFO] ======================================================================
[2025-12-10 22:50:09] [INFO] Total registros: 506
[2025-12-10 22:50:09] [INFO] 
Pacientes ES (TCU) antes del parche:
[2025-12-10 22:50:10] [INFO] 
patient_id language group   QA
    TCU02a       es   pwa 77.3
    TCU04a       es   pwa 83.8
    TCU06a       es   NaN 62.6
    TCU10a       es   NaN 77.6
[2025-12-10 22:50:10] [INFO] 
Pacientes ES (TCU) después del parche:
[2025-12-10 22:50:10] [INFO] 
patient_id language group   QA
    TCU02a       es   pwa 77.3
    TCU04a       es   pwa 83.8
    TCU06a       es   pwa 62.6
    TCU10a       es   pwa 77.6
[2025-12-10 22:50:10] [INFO] Con QA valido: 506
[2025-12-10 22:50:10] [INFO] 
Distribucion por idioma:
[2025-12-10 22:50:10] [INFO]   en: 502
[2025-12-10 22:50:10] [INFO]   es: 4
[2025-12-10 22:50:10] [INFO] 
======================================================================
[2025-12-10 22:50:10] [INFO] SPLIT
[2025-12-10 22:50:10] [INFO] ======================================================================
[2025-12-10 22:50:10] [INFO] 
Split:
[2025-12-10 22:50:10] [INFO]   PWA:     423
[2025-12-10 22:50:10] [INFO]   Control: 70
[2025-12-10 22:50:10] [INFO] 
Sub-datasets extraídos de patient_id:
[2025-12-10 22:50:10] [INFO]   Total sub-datasets únicos: 26
[2025-12-10 22:50:10] [INFO]   Sub-datasets: acwt, adler, bu, cmu, elman, fridriksson, garrett, kansas, kempler, kurland, mba, mma, msu, scale, star, tap, tcu, thompson, tucson, umd, unh, unknown, whiteside, williamson, wozniak, wright
[2025-12-10 22:50:10] [INFO] 
  Distribución de pacientes por sub-dataset:
[2025-12-10 22:50:10] [INFO]     kurland: 63 pacientes
[2025-12-10 22:50:10] [INFO]     unknown: 56 pacientes
[2025-12-10 22:50:10] [INFO]     scale: 39 pacientes
[2025-12-10 22:50:10] [INFO]     williamson: 23 pacientes
[2025-12-10 22:50:10] [INFO]     tucson: 20 pacientes
[2025-12-10 22:50:10] [INFO]     kansas: 19 pacientes
[2025-12-10 22:50:10] [INFO]     fridriksson: 18 pacientes
[2025-12-10 22:50:10] [INFO]     tap: 18 pacientes
[2025-12-10 22:50:10] [INFO]     whiteside: 18 pacientes
[2025-12-10 22:50:10] [INFO]     adler: 18 pacientes
[2025-12-10 22:50:10] [INFO]     unh: 17 pacientes
[2025-12-10 22:50:10] [INFO]     elman: 15 pacientes
[2025-12-10 22:50:10] [INFO]     umd: 14 pacientes
[2025-12-10 22:50:10] [INFO]     thompson: 14 pacientes
[2025-12-10 22:50:10] [INFO]     msu: 13 pacientes
[2025-12-10 22:50:10] [INFO]     mma: 13 pacientes
[2025-12-10 22:50:10] [INFO]     acwt: 9 pacientes
[2025-12-10 22:50:10] [INFO]     wright: 7 pacientes
[2025-12-10 22:50:10] [INFO]     wozniak: 6 pacientes
[2025-12-10 22:50:10] [INFO]     tcu: 6 pacientes
[2025-12-10 22:50:10] [INFO]     bu: 6 pacientes
[2025-12-10 22:50:10] [INFO]     cmu: 2 pacientes
[2025-12-10 22:50:10] [INFO]     garrett: 2 pacientes
[2025-12-10 22:50:10] [INFO]     mba: 1 pacientes
[2025-12-10 22:50:10] [INFO]     star: 1 pacientes
[2025-12-10 22:50:10] [INFO]     kempler: 1 pacientes
[2025-12-10 22:50:10] [INFO] 
Por idioma (PWA):
[2025-12-10 22:50:10] [INFO]   EN (train): 419
[2025-12-10 22:50:10] [INFO]   ES (eval):  4
[2025-12-10 22:50:10] [INFO] 
======================================================================
[2025-12-10 22:50:10] [INFO] FEATURES
[2025-12-10 22:50:10] [INFO] ======================================================================
[2025-12-10 22:50:10] [INFO] 
POS-LM método: backoff
[2025-12-10 22:50:10] [INFO]   Columnas POS-LM encontradas: 30
[2025-12-10 22:50:10] [INFO] 
======================================================================
[2025-12-10 22:50:10] [INFO] SEQUENTIAL FORWARD SELECTION
[2025-12-10 22:50:10] [INFO] ======================================================================
[2025-12-10 22:50:10] [INFO] 
✓ Todas las features son válidas para SFS
[2025-12-10 22:50:10] [INFO] 
Iniciando SFS...
[2025-12-10 22:50:10] [INFO]   SFS con StandardScaler
[2025-12-10 22:52:31] [INFO] 
======================================================================
[2025-12-10 22:52:31] [INFO] RESULTADOS SFS
[2025-12-10 22:52:31] [INFO] ======================================================================
[2025-12-10 22:52:31] [INFO] Número óptimo: 16 features
[2025-12-10 22:52:31] [INFO] MAE: 13.077
[2025-12-10 22:52:31] [INFO] 
Features:
[2025-12-10 22:52:31] [INFO]   DEN:   4
[2025-12-10 22:52:31] [INFO]   DYS:   5
[2025-12-10 22:52:31] [INFO]   LEX:   3
[2025-12-10 22:52:31] [INFO]   POSLM: 4
[2025-12-10 22:52:31] [INFO]   TOTAL: 16
[2025-12-10 22:52:31] [INFO] 
======================================================================
[2025-12-10 22:52:31] [INFO] CROSS-VALIDATION (EN) - StratifiedGroupKFold por sub-dataset
[2025-12-10 22:52:31] [INFO]   * Cada fold tiene 25% de pacientes de CADA sub-dataset
[2025-12-10 22:52:31] [INFO] Normalización: StandardScaler (sklearn default)
[2025-12-10 22:52:31] [INFO] ======================================================================
[2025-12-10 22:52:32] [INFO] 
  Fold 1/4:
[2025-12-10 22:52:32] [INFO]     Train sub-datasets: {'kurland': 47, 'unknown': 41, 'scale': 29, 'williamson': 19, 'kansas': 14, 'tucson': 14, 'adler': 13, 'tap': 13, 'unh': 13, 'whiteside': 12, 'umd': 12, 'fridriksson': 12, 'thompson': 11, 'elman': 11, 'msu': 10, 'mma': 9, 'acwt': 7, 'wright': 5, 'bu': 5, 'wozniak': 5, 'tcu': 5, 'cmu': 2, 'garrett': 2, 'star': 1, 'kempler': 1}
[2025-12-10 22:52:32] [INFO]     Test sub-datasets:  {'kurland': 16, 'unknown': 15, 'scale': 10, 'fridriksson': 6, 'tucson': 6, 'whiteside': 6, 'kansas': 5, 'tap': 5, 'adler': 5, 'unh': 4, 'mma': 4, 'elman': 4, 'williamson': 4, 'msu': 3, 'thompson': 3, 'umd': 2, 'acwt': 2, 'wright': 2, 'bu': 1, 'mba': 1, 'tcu': 1, 'wozniak': 1}
[2025-12-10 22:52:35] [INFO]     MAE: 11.629
[2025-12-10 22:52:35] [INFO]     Best params: C=100, epsilon=0.1, kernel=rbf
[2025-12-10 22:52:35] [INFO] 
  Fold 2/4:
[2025-12-10 22:52:35] [INFO]     Train sub-datasets: {'kurland': 47, 'unknown': 44, 'scale': 29, 'williamson': 17, 'tucson': 16, 'fridriksson': 15, 'whiteside': 14, 'kansas': 14, 'unh': 13, 'adler': 13, 'tap': 13, 'elman': 11, 'mma': 11, 'thompson': 9, 'msu': 9, 'umd': 8, 'tcu': 6, 'acwt': 5, 'wright': 5, 'wozniak': 5, 'bu': 5, 'cmu': 2, 'mba': 1, 'star': 1, 'garrett': 1, 'kempler': 1}
[2025-12-10 22:52:35] [INFO]     Test sub-datasets:  {'kurland': 16, 'unknown': 12, 'scale': 10, 'umd': 6, 'williamson': 6, 'tap': 5, 'thompson': 5, 'kansas': 5, 'adler': 5, 'tucson': 4, 'whiteside': 4, 'msu': 4, 'acwt': 4, 'unh': 4, 'elman': 4, 'fridriksson': 3, 'mma': 2, 'wright': 2, 'bu': 1, 'garrett': 1, 'wozniak': 1}
[2025-12-10 22:52:39] [INFO]     MAE: 13.463
[2025-12-10 22:52:39] [INFO]     Best params: C=100, epsilon=1, kernel=rbf
[2025-12-10 22:52:39] [INFO] 
  Fold 3/4:
[2025-12-10 22:52:39] [INFO]     Train sub-datasets: {'kurland': 48, 'unknown': 40, 'scale': 28, 'tap': 15, 'kansas': 15, 'williamson': 15, 'tucson': 15, 'adler': 14, 'whiteside': 14, 'fridriksson': 14, 'elman': 12, 'umd': 12, 'unh': 12, 'thompson': 11, 'msu': 10, 'mma': 9, 'acwt': 8, 'wright': 5, 'wozniak': 5, 'bu': 4, 'tcu': 3, 'mba': 1, 'star': 1, 'garrett': 1, 'kempler': 1}
[2025-12-10 22:52:39] [INFO]     Test sub-datasets:  {'unknown': 16, 'kurland': 15, 'scale': 11, 'williamson': 8, 'tucson': 5, 'unh': 5, 'mma': 4, 'kansas': 4, 'whiteside': 4, 'adler': 4, 'fridriksson': 4, 'thompson': 3, 'tcu': 3, 'elman': 3, 'msu': 3, 'tap': 3, 'wright': 2, 'bu': 2, 'umd': 2, 'cmu': 2, 'acwt': 1, 'garrett': 1, 'wozniak': 1}
[2025-12-10 22:52:42] [INFO]     MAE: 14.021
[2025-12-10 22:52:42] [INFO]     Best params: C=10, epsilon=1, kernel=rbf
[2025-12-10 22:52:42] [INFO] 
  Fold 4/4:
[2025-12-10 22:52:42] [INFO]     Train sub-datasets: {'kurland': 47, 'unknown': 43, 'scale': 31, 'williamson': 18, 'tucson': 15, 'kansas': 14, 'whiteside': 14, 'adler': 14, 'tap': 13, 'fridriksson': 13, 'unh': 13, 'thompson': 11, 'elman': 11, 'mma': 10, 'msu': 10, 'umd': 10, 'acwt': 7, 'wright': 6, 'tcu': 4, 'bu': 4, 'wozniak': 3, 'garrett': 2, 'cmu': 2, 'mba': 1}
[2025-12-10 22:52:42] [INFO]     Test sub-datasets:  {'kurland': 16, 'unknown': 13, 'scale': 8, 'fridriksson': 5, 'kansas': 5, 'williamson': 5, 'tucson': 5, 'tap': 5, 'whiteside': 4, 'elman': 4, 'adler': 4, 'unh': 4, 'umd': 4, 'mma': 3, 'msu': 3, 'wozniak': 3, 'thompson': 3, 'acwt': 2, 'bu': 2, 'tcu': 2, 'kempler': 1, 'star': 1, 'wright': 1}
[2025-12-10 22:52:45] [INFO]     MAE: 11.446
[2025-12-10 22:52:45] [INFO]     Best params: C=100, epsilon=5, kernel=rbf
[2025-12-10 22:52:45] [INFO] 
Distribución de sub-datasets guardada: subdataset_distribution.csv
[2025-12-10 22:52:45] [INFO] 
======================================================================
[2025-12-10 22:52:45] [INFO] EVALUACION: CV_PWA
[2025-12-10 22:52:45] [INFO] ======================================================================
[2025-12-10 22:52:45] [INFO] Metricas de regresion:
[2025-12-10 22:52:45] [INFO]   MAE:        12.645
[2025-12-10 22:52:45] [INFO]   RMSE:       19.171
[2025-12-10 22:52:45] [INFO]   R²:         0.349
[2025-12-10 22:52:45] [INFO]   Pearson r:  0.631 (p=0.0000)
[2025-12-10 22:52:45] [INFO]   Spearman:   0.673 (p=0.0000)
[2025-12-10 22:52:45] [INFO] 
Accuracy por distancia:
[2025-12-10 22:52:45] [INFO]   Acc@1:  8.59%
[2025-12-10 22:52:45] [INFO]   Acc@5:  37.23%
[2025-12-10 22:52:45] [INFO]   Acc@10: 57.28%
[2025-12-10 22:52:45] [INFO]   Exact:  0.48%
[2025-12-10 22:52:45] [INFO] 
Clasificacion por severidad:
[2025-12-10 22:52:45] [INFO]   Accuracy: 58.23%
[2025-12-10 22:52:45] [INFO] 
  Por clase:
[2025-12-10 22:52:45] [INFO]     Very Severe: Prec=71.43%, Rec=11.36%, F1=19.61%
[2025-12-10 22:52:45] [INFO]     Severe: Prec=29.31%, Rec=30.91%, F1=30.09%
[2025-12-10 22:52:45] [INFO]     Moderate: Prec=53.23%, Rec=63.46%, F1=57.89%
[2025-12-10 22:52:45] [INFO]     Mild: Prec=73.21%, Rec=75.00%, F1=74.10%
[2025-12-10 22:52:45] [INFO] 
Generando graficos...
[2025-12-10 22:52:49] [INFO] Guardados: CV_PWA_*.csv/png
[2025-12-10 22:52:49] [INFO] 
======================================================================
[2025-12-10 22:52:49] [INFO] CALIBRACION
[2025-12-10 22:52:49] [INFO] ======================================================================
[2025-12-10 22:52:50] [INFO] 
======================================================================
[2025-12-10 22:52:50] [INFO] EVALUACION: CV_PWA_CALIBRATED
[2025-12-10 22:52:50] [INFO] ======================================================================
[2025-12-10 22:52:50] [INFO] Metricas de regresion:
[2025-12-10 22:52:50] [INFO]   MAE:        12.508
[2025-12-10 22:52:50] [INFO]   RMSE:       17.640
[2025-12-10 22:52:50] [INFO]   R²:         0.449
[2025-12-10 22:52:50] [INFO]   Pearson r:  0.670 (p=0.0000)
[2025-12-10 22:52:50] [INFO]   Spearman:   0.693 (p=0.0000)
[2025-12-10 22:52:50] [INFO] 
Accuracy por distancia:
[2025-12-10 22:52:50] [INFO]   Acc@1:  6.21%
[2025-12-10 22:52:50] [INFO]   Acc@5:  27.68%
[2025-12-10 22:52:50] [INFO]   Acc@10: 54.18%
[2025-12-10 22:52:50] [INFO]   Exact:  0.72%
[2025-12-10 22:52:50] [INFO] 
Clasificacion por severidad:
[2025-12-10 22:52:50] [INFO]   Accuracy: 56.56%
[2025-12-10 22:52:50] [INFO] 
  Por clase:
[2025-12-10 22:52:50] [INFO]     Very Severe: Prec=100.00%, Rec=9.09%, F1=16.67%
[2025-12-10 22:52:50] [INFO]     Severe: Prec=28.71%, Rec=52.73%, F1=37.18%
[2025-12-10 22:52:50] [INFO]     Moderate: Prec=55.17%, Rec=61.54%, F1=58.18%
[2025-12-10 22:52:50] [INFO]     Mild: Prec=77.14%, Rec=65.85%, F1=71.05%
[2025-12-10 22:52:50] [INFO] 
Generando graficos...
[2025-12-10 22:52:55] [INFO] Guardados: CV_PWA_CALIBRATED_*.csv/png
[2025-12-10 22:52:55] [INFO] 
======================================================================
[2025-12-10 22:52:55] [INFO] ANÁLISIS DE ERROR (Como Figura 6 del paper)
[2025-12-10 22:52:55] [INFO] ======================================================================
[2025-12-10 22:52:57] [INFO] 
======================================================================
[2025-12-10 22:52:57] [INFO] ANÁLISIS POR GRUPOS DE ERROR (Threshold=5.316)
[2025-12-10 22:52:57] [INFO] ======================================================================
[2025-12-10 22:52:57] [INFO] 
Grupo Low Errors:
[2025-12-10 22:52:57] [INFO]   N:          126
[2025-12-10 22:52:57] [INFO]   MAE:        2.66 ± 1.59
[2025-12-10 22:52:57] [INFO]   QA real:    66.6 ± 16.9
[2025-12-10 22:52:57] [INFO] 
Grupo High Errors:
[2025-12-10 22:52:57] [INFO]   N:          293
[2025-12-10 22:52:57] [INFO]   MAE:        16.74 ± 12.67
[2025-12-10 22:52:57] [INFO]   QA real:    62.7 ± 26.1
[2025-12-10 22:52:57] [INFO] 
Diferencia en QA real entre grupos:
[2025-12-10 22:52:57] [INFO]   t-statistic: 1.803
[2025-12-10 22:52:57] [INFO]   p-value:     0.0722
[2025-12-10 22:52:57] [INFO] 
Guardado: error_histogram.png, error_groups_analysis.csv
[2025-12-10 22:52:57] [INFO] 
======================================================================
[2025-12-10 22:52:57] [INFO] MODELO FINAL
[2025-12-10 22:52:57] [INFO] ======================================================================
[2025-12-10 22:52:57] [INFO] Entrenando con: 419 PWA EN + 70 Control
[2025-12-10 22:53:02] [INFO] Mejores parámetros:
[2025-12-10 22:53:02] [INFO]   C: 10
[2025-12-10 22:53:02] [INFO]   epsilon: 0.1
[2025-12-10 22:53:02] [INFO]   gamma: scale
[2025-12-10 22:53:02] [INFO]   kernel: rbf
[2025-12-10 22:53:02] [INFO]   shrinking: True
[2025-12-10 22:53:02] [INFO] 
======================================================================
[2025-12-10 22:53:02] [INFO] INTERPRETABILIDAD
[2025-12-10 22:53:02] [INFO] ======================================================================
[2025-12-10 22:53:02] [INFO] 
======================================================================
[2025-12-10 22:53:02] [INFO] PERMUTATION IMPORTANCE
[2025-12-10 22:53:02] [INFO] ======================================================================
[2025-12-10 22:53:02] [INFO] Calculando (n_repeats=10)...
[2025-12-10 22:53:13] [INFO] 
Top 20 features:
[2025-12-10 22:53:13] [INFO]    1. lex_phones_std                           2.7657 +/- 0.2369
[2025-12-10 22:53:13] [INFO]    2. lex_ttr                                  2.4692 +/- 0.1810
[2025-12-10 22:53:13] [INFO]    3. dys_fillers_per_phone                    2.2787 +/- 0.1467
[2025-12-10 22:53:13] [INFO]    4. den_determiners                          1.7311 +/- 0.1151
[2025-12-10 22:53:13] [INFO]    5. dys_long_pauses_per_min                  1.4854 +/- 0.2175
[2025-12-10 22:53:13] [INFO]    6. dys_pauses_per_min                       1.3160 +/- 0.2113
[2025-12-10 22:53:13] [INFO]    7. lex_phones_skew                          1.3136 +/- 0.1793
[2025-12-10 22:53:13] [INFO]    8. dys_short_pauses_per_min                 1.0925 +/- 0.1867
[2025-12-10 22:53:13] [INFO]    9. den_OCW                                  1.0135 +/- 0.1301
[2025-12-10 22:53:13] [INFO]   10. dys_long_pauses_per_word                 0.9835 +/- 0.1179
[2025-12-10 22:53:13] [INFO]   11. poslm_bo_bigram_ppl_mean                 0.7658 +/- 0.1467
[2025-12-10 22:53:13] [INFO]   12. poslm_bo_bigram_ppl_median               0.7658 +/- 0.1467
[2025-12-10 22:53:13] [INFO]   13. poslm_bo_trigram_ppl_mean                0.7424 +/- 0.1411
[2025-12-10 22:53:13] [INFO]   14. poslm_bo_trigram_ppl_median              0.7424 +/- 0.1411
[2025-12-10 22:53:13] [INFO]   15. den_nouns_per_verb                       0.2043 +/- 0.0899
[2025-12-10 22:53:13] [INFO]   16. den_demonstratives                       0.0000 +/- 0.0000
[2025-12-10 22:53:16] [INFO] 
Guardado: feature_importance_permutation.csv/png
[2025-12-10 22:53:16] [INFO] 
======================================================================
[2025-12-10 22:53:16] [INFO] ANALISIS POR GRUPOS (Permutation)
[2025-12-10 22:53:16] [INFO] ======================================================================
[2025-12-10 22:53:16] [INFO] 
Importancia por grupo:
[2025-12-10 22:53:16] [INFO]   Grupo         Total      Media    Count    % Total
[2025-12-10 22:53:16] [INFO]   ------------------------------------------------------------
[2025-12-10 22:53:16] [INFO]   DYS          7.1561     1.4312        5      36.4%
[2025-12-10 22:53:16] [INFO]   LEX          6.5485     2.1828        3      33.3%
[2025-12-10 22:53:16] [INFO]   POSLM        3.0163     0.7541        4      15.3%
[2025-12-10 22:53:16] [INFO]   DEN          2.9489     0.7372        4      15.0%
[2025-12-10 22:53:17] [INFO] 
Guardado: feature_importance_by_group_permutation.csv/png
[2025-12-10 22:53:17] [INFO] 
======================================================================
[2025-12-10 22:53:17] [INFO] SHAP VALUES
[2025-12-10 22:53:17] [INFO] ======================================================================
[2025-12-10 22:53:17] [INFO] Calculando SHAP values...
[2025-12-10 22:53:17] [INFO]   Usando 50 samples random como background
[2025-12-10 22:53:17] [INFO]   Creando SHAP explainer...
[2025-12-10 22:53:17] [INFO]   Calculando SHAP para 20 samples de test...
[2025-12-10 22:58:48] [INFO] 
Top 20 features (SHAP):
[2025-12-10 22:58:48] [INFO]    1. lex_phones_std                           4.1868
[2025-12-10 22:58:48] [INFO]    2. dys_fillers_per_phone                    3.3560
[2025-12-10 22:58:48] [INFO]    3. lex_ttr                                  2.2343
[2025-12-10 22:58:48] [INFO]    4. den_determiners                          1.8172
[2025-12-10 22:58:48] [INFO]    5. lex_phones_skew                          1.5198
[2025-12-10 22:58:48] [INFO]    6. dys_long_pauses_per_min                  1.3931
[2025-12-10 22:58:48] [INFO]    7. dys_pauses_per_min                       1.2865
[2025-12-10 22:58:48] [INFO]    8. poslm_bo_bigram_ppl_median               1.1672
[2025-12-10 22:58:48] [INFO]    9. poslm_bo_bigram_ppl_mean                 1.1510
[2025-12-10 22:58:48] [INFO]   10. dys_short_pauses_per_min                 1.0745
[2025-12-10 22:58:48] [INFO]   11. poslm_bo_trigram_ppl_mean                1.0606
[2025-12-10 22:58:48] [INFO]   12. poslm_bo_trigram_ppl_median              0.9512
[2025-12-10 22:58:48] [INFO]   13. dys_long_pauses_per_word                 0.7193
[2025-12-10 22:58:48] [INFO]   14. den_OCW                                  0.3998
[2025-12-10 22:58:48] [INFO]   15. den_demonstratives                       0.0000
[2025-12-10 22:58:48] [INFO]   16. den_nouns_per_verb                       0.0000
[2025-12-10 22:58:48] [INFO] 
Generando graficos SHAP...
[2025-12-10 22:58:57] [INFO]   Guardado: shap_summary_*.png
[2025-12-10 22:58:57] [INFO] Guardado: shap_values.csv, feature_importance_shap.csv
[2025-12-10 22:58:57] [INFO] 
======================================================================
[2025-12-10 22:58:57] [INFO] ANALISIS POR GRUPOS (SHAP)
[2025-12-10 22:58:57] [INFO] ======================================================================
[2025-12-10 22:58:57] [INFO] 
Importancia por grupo:
[2025-12-10 22:58:57] [INFO]   Grupo         Total      Media    Count    % Total
[2025-12-10 22:58:57] [INFO]   ------------------------------------------------------------
[2025-12-10 22:58:57] [INFO]   LEX          7.9409     2.6470        3      35.6%
[2025-12-10 22:58:57] [INFO]   DYS          7.8294     1.5659        5      35.1%
[2025-12-10 22:58:57] [INFO]   POSLM        4.3300     1.0825        4      19.4%
[2025-12-10 22:58:57] [INFO]   DEN          2.2170     0.5542        4       9.9%
[2025-12-10 22:58:59] [INFO] 
Guardado: feature_importance_by_group_shap.csv/png
[2025-12-10 22:58:59] [INFO] 
======================================================================
[2025-12-10 22:58:59] [INFO] EVALUACION ESPAÑOL
[2025-12-10 22:58:59] [INFO] ======================================================================
[2025-12-10 22:58:59] [INFO] Evaluando 4 pacientes españoles...
[2025-12-10 22:58:59] [INFO] 
======================================================================
[2025-12-10 22:58:59] [INFO] EVALUACION: EVAL_ES_RAW
[2025-12-10 22:58:59] [INFO] ======================================================================
[2025-12-10 22:58:59] [INFO] Metricas de regresion:
[2025-12-10 22:58:59] [INFO]   MAE:        22.946
[2025-12-10 22:58:59] [INFO]   RMSE:       23.097
[2025-12-10 22:58:59] [INFO]   R²:         -7.787
[2025-12-10 22:58:59] [INFO]   Pearson r:  0.942 (p=0.0579)
[2025-12-10 22:58:59] [INFO]   Spearman:   0.800 (p=0.2000)
[2025-12-10 22:58:59] [INFO] 
Accuracy por distancia:
[2025-12-10 22:58:59] [INFO]   Acc@1:  0.00%
[2025-12-10 22:58:59] [INFO]   Acc@5:  0.00%
[2025-12-10 22:58:59] [INFO]   Acc@10: 0.00%
[2025-12-10 22:58:59] [INFO]   Exact:  0.00%
[2025-12-10 22:58:59] [INFO] 
Clasificacion por severidad:
[2025-12-10 22:58:59] [INFO]   Accuracy: 0.00%
[2025-12-10 22:58:59] [INFO] 
  Por clase:
[2025-12-10 22:58:59] [INFO]     Very Severe: Prec=0.00%, Rec=0.00%, F1=0.00%
[2025-12-10 22:58:59] [INFO]     Severe: Prec=0.00%, Rec=0.00%, F1=0.00%
[2025-12-10 22:58:59] [INFO]     Moderate: Prec=0.00%, Rec=0.00%, F1=0.00%
[2025-12-10 22:58:59] [INFO]     Mild: Prec=0.00%, Rec=0.00%, F1=0.00%
[2025-12-10 22:58:59] [INFO] 
Generando graficos...
[2025-12-10 22:59:04] [INFO] Guardados: EVAL_ES_RAW_*.csv/png
[2025-12-10 22:59:04] [INFO] 
======================================================================
[2025-12-10 22:59:04] [INFO] EVALUACION: EVAL_ES_CALIBRATED
[2025-12-10 22:59:04] [INFO] ======================================================================
[2025-12-10 22:59:04] [INFO] Metricas de regresion:
[2025-12-10 22:59:04] [INFO]   MAE:        26.679
[2025-12-10 22:59:04] [INFO]   RMSE:       27.008
[2025-12-10 22:59:04] [INFO]   R²:         -11.015
[2025-12-10 22:59:04] [INFO]   Pearson r:  0.855 (p=0.1450)
[2025-12-10 22:59:04] [INFO]   Spearman:   0.800 (p=0.2000)
[2025-12-10 22:59:04] [INFO] 
Accuracy por distancia:
[2025-12-10 22:59:04] [INFO]   Acc@1:  0.00%
[2025-12-10 22:59:04] [INFO]   Acc@5:  0.00%
[2025-12-10 22:59:04] [INFO]   Acc@10: 0.00%
[2025-12-10 22:59:04] [INFO]   Exact:  0.00%
[2025-12-10 22:59:05] [INFO] 
Clasificacion por severidad:
[2025-12-10 22:59:05] [INFO]   Accuracy: 0.00%
[2025-12-10 22:59:05] [INFO] 
  Por clase:
[2025-12-10 22:59:05] [INFO]     Very Severe: Prec=0.00%, Rec=0.00%, F1=0.00%
[2025-12-10 22:59:05] [INFO]     Severe: Prec=0.00%, Rec=0.00%, F1=0.00%
[2025-12-10 22:59:05] [INFO]     Moderate: Prec=0.00%, Rec=0.00%, F1=0.00%
[2025-12-10 22:59:05] [INFO]     Mild: Prec=0.00%, Rec=0.00%, F1=0.00%
[2025-12-10 22:59:05] [INFO] 
Generando graficos...
[2025-12-10 22:59:11] [INFO] Guardados: EVAL_ES_CALIBRATED_*.csv/png
[2025-12-10 22:59:11] [INFO] 
======================================================================
[2025-12-10 22:59:11] [INFO] EVALUACION CATALÁN
[2025-12-10 22:59:11] [INFO] ======================================================================
[2025-12-10 22:59:11] [INFO] No hay datos en catalán para evaluar
[2025-12-10 22:59:11] [INFO] 
======================================================================
[2025-12-10 22:59:11] [INFO] PROCESO COMPLETADO
[2025-12-10 22:59:11] [INFO] ======================================================================
[2025-12-10 22:59:11] [INFO] Resultados guardados en: /lhome/ext/upc150/upc1503/afasia_cat/codigos_julio2025/outputs/experiments/resultados_svr/SVR_20251210_225009_SFS_POSLM-BACKOFF_ZNORM-STD_STRATIFIED
[2025-12-10 22:59:11] [INFO] 
Archivos generados:
[2025-12-10 22:59:11] [INFO]   - Configuración: CONFIG.txt, config.json
[2025-12-10 22:59:11] [INFO]   - Modelo: model_final.pkl
[2025-12-10 22:59:11] [INFO]   - Calibrador: calibrator.pkl
[2025-12-10 22:59:11] [INFO]   - CV inglés: CV_PWA_*.csv/png
[2025-12-10 22:59:11] [INFO]   - CV calibrado: CV_PWA_CALIBRATED_*.csv/png
[2025-12-10 22:59:11] [INFO]   - Español: EVAL_ES_*.csv/png
[2025-12-10 22:59:11] [INFO]   - Interpretabilidad: feature_importance_*.csv/png
[2025-12-10 22:59:11] [INFO]   - SHAP: shap_values.csv, shap_summary_*.png
[2025-12-10 22:59:11] [INFO]   - Análisis de error: error_histogram.png, error_groups_analysis.csv
[2025-12-10 22:59:11] [INFO] 
======================================================================
[2025-12-10 22:59:11] [INFO] REGISTRANDO EXPERIMENTO EN EXPERIMENT_LOGGER
[2025-12-10 22:59:11] [INFO] ======================================================================
[2025-12-10 22:59:11] [INFO] Experimento registrado en experiments_history.csv/json
[2025-12-10 22:59:11] [INFO] 
======================================================================
[2025-12-10 22:59:11] [INFO] COMPARACIÓN CON LE ET AL. (2018)
[2025-12-10 22:59:11] [INFO] ======================================================================
[2025-12-10 22:59:11] [INFO] 
Resultados del paper (Table 9, Combined protocol):
[2025-12-10 22:59:11] [INFO]   MAE:        8.86 (Oracle) / 9.18 (Auto)
[2025-12-10 22:59:11] [INFO]   Correlación: .801 (Oracle) / .799 (Auto)
[2025-12-10 22:59:11] [INFO] 
Nuestros resultados (CV_PWA_CALIBRATED):
[2025-12-10 22:59:11] [INFO]   MAE:        12.51
[2025-12-10 22:59:11] [INFO]   Correlación: 0.670
[2025-12-10 22:59:11] [INFO] 
Diferencia con el paper:
[2025-12-10 22:59:11] [INFO]   ΔMAE:  +3.33 (peor)
[2025-12-10 22:59:11] [INFO]   ΔCorr: -0.129 (peor)
