[INFO] ------------------------------------------------------------
[INFO] Inicio pipeline SVR con features DEN+DYS (protocolo paper)
[INFO] Agregando features DEN a nivel paciente …
[INFO] Agregando features DYS a nivel paciente …
[INFO] Cargando DYS por paciente desde /lhome/ext/upc150/upc1503/afasia_cat/codigos_julio2025/data/dys_pauses_by_patient.csv
[INFO] Emparejados con DYS-paciente: 0 de 399
[INFO] Total features DEN: 28 | DYS: 30 | TOTAL: 58
[INFO] Pacientes  en:386  es:8  ca:5
[INFO] GridSearchCV (SVR) solo EN con GroupKFold=4 …
[INFO] Mejor params CV-EN: {'svr__C': 100, 'svr__epsilon': 1, 'svr__kernel': 'rbf', 'svr__shrinking': False}
[INFO] CV-EN     → MAE 10.22 | R² 0.57 | ρ 0.72
[INFO] EN_IN (RAW integers) → Acc@1 37.82% | Acc@5 79.02% | Exact 0.00%
[INFO] EN_IN (RAW) → MAE 3.70 | R² 0.89 | ρ 0.93
[INFO] EN_IN (CAL integers) → Acc@1 18.13% | Acc@5 71.76% | Exact 0.00%
[INFO] EN_IN (CAL) → MAE 4.71 | R² 0.87 | ρ 0.92
[INFO] INT        (RAW) → MAE 14.13 | R² 0.18 | ρ 0.29
[INFO] INT        (RAW integers) → Acc@1 0.00% | Acc@5 0.00% | Exact 0.00%
[INFO] INT        (CAL) → MAE 13.08 | R² 0.22 | ρ 0.44
[INFO] INT        (CAL integers) → Acc@1 0.00% | Acc@5 0.00% | Exact 0.00%
[INFO] EXT        (RAW) → MAE 28.51 | R² -0.34 | ρ 0.20
[INFO] EXT        (RAW integers) → Acc@1 0.00% | Acc@5 0.00% | Exact 0.00%
[INFO] EXT        (CAL) → MAE 28.01 | R² -0.37 | ρ 0.71
[INFO] EXT        (CAL integers) → Acc@1 0.00% | Acc@5 0.00% | Exact 0.00%
[INFO] Proceso completado — resultados en results/SVR_DEN_DYS_PAPER_20251009_082931
