[2025-11-13 22:06:21] [INFO] ======================================================================
[2025-11-13 22:06:21] [INFO] SVR COMPLETO - Metodologia Le et al. (2018)
[2025-11-13 22:06:21] [INFO] ======================================================================
[2025-11-13 22:06:21] [INFO] Output: /lhome/ext/upc150/upc1503/afasia_cat/codigos_julio2025/outputs/experiments/resultados_svr/SVR_FINAL_20251113_220621
[2025-11-13 22:06:21] [INFO] Timestamp: 20251113_220621
[2025-11-13 22:06:21] [INFO] 
======================================================================
[2025-11-13 22:06:21] [INFO] CARGANDO DATOS
[2025-11-13 22:06:21] [INFO] ======================================================================
[2025-11-13 22:06:21] [INFO] Cargando: /lhome/ext/upc150/upc1503/afasia_cat/codigos_julio2025/data/dataset_FINAL_COMPLETO.csv
[2025-11-13 22:06:21] [INFO] Total registros: 506
[2025-11-13 22:06:21] [INFO] Con QA valido: 506
[2025-11-13 22:06:21] [INFO] 
======================================================================
[2025-11-13 22:06:21] [INFO] METODOLOGIA DEL PAPER (Le et al. 2018)
[2025-11-13 22:06:21] [INFO] ======================================================================
[2025-11-13 22:06:21] [INFO] Paper: 'The remaining data and all Control speakers are used for training'
[2025-11-13 22:06:21] [INFO] Paper: 'we withhold 25% of speakers from each sub-dataset in the Aphasia set'
[2025-11-13 22:06:21] [INFO] 
INTERPRETACION:
[2025-11-13 22:06:21] [INFO]   - Control + PWA → TRAINING (normalizacion, baseline)
[2025-11-13 22:06:21] [INFO]   - Solo PWA → EVALUATION (CV, test)
[2025-11-13 22:06:21] [INFO] 
Distribucion original:
[2025-11-13 22:06:21] [INFO]   pwa: 421
[2025-11-13 22:06:21] [INFO]   control: 70
[2025-11-13 22:06:21] [INFO]   nan: 15
[2025-11-13 22:06:21] [INFO] 
Split metodologico:
[2025-11-13 22:06:21] [INFO]   PWA (para CV y eval):     421
[2025-11-13 22:06:21] [INFO]   Control (solo en train):  70
[2025-11-13 22:06:21] [INFO] 
Control estadisticas:
[2025-11-13 22:06:21] [INFO]   QA: 96.4 ± 2.0
[2025-11-13 22:06:21] [INFO]   Range: [93.8, 100.0]
[2025-11-13 22:06:21] [INFO] 
PWA estadisticas:
[2025-11-13 22:06:21] [INFO]   N:     421
[2025-11-13 22:06:21] [INFO]   QA:    64.0 ± 23.8
[2025-11-13 22:06:21] [INFO]   Range: [0.2, 93.6]
[2025-11-13 22:06:21] [INFO] 
Distribucion por severidad (PWA):
[2025-11-13 22:06:21] [INFO]   Very Severe: 44
[2025-11-13 22:06:21] [INFO]   Severe: 55
[2025-11-13 22:06:21] [INFO]   Moderate: 156
[2025-11-13 22:06:21] [INFO]   Mild: 166
[2025-11-13 22:06:21] [INFO] 
======================================================================
[2025-11-13 22:06:21] [INFO] FEATURES (todas disponibles)
[2025-11-13 22:06:21] [INFO] ======================================================================
[2025-11-13 22:06:21] [INFO] 
Features seleccionadas:
[2025-11-13 22:06:21] [INFO]   DEN: 42
[2025-11-13 22:06:21] [INFO]   DYS: 22
[2025-11-13 22:06:21] [INFO]   LEX: 1
[2025-11-13 22:06:21] [INFO]   TOTAL: 65
[2025-11-13 22:06:21] [INFO] 
======================================================================
[2025-11-13 22:06:21] [INFO] PREPARACION DE DATOS
[2025-11-13 22:06:21] [INFO] ======================================================================
[2025-11-13 22:06:21] [INFO] PWA (para cross-validation):
[2025-11-13 22:06:21] [INFO]   X: (421, 65)
[2025-11-13 22:06:21] [INFO]   y: (421,)
[2025-11-13 22:06:21] [INFO]   Grupos unicos: 404
[2025-11-13 22:06:21] [INFO] 
Control (siempre en train de cada fold):
[2025-11-13 22:06:21] [INFO]   X: (70, 65)
[2025-11-13 22:06:21] [INFO]   y: (70,)
[2025-11-13 22:06:21] [INFO] 
======================================================================
[2025-11-13 22:06:21] [INFO] CONFIGURACION DEL MODELO
[2025-11-13 22:06:21] [INFO] ======================================================================
[2025-11-13 22:06:21] [INFO] Pipeline:
[2025-11-13 22:06:21] [INFO]   1. SimpleImputer (strategy='median')
[2025-11-13 22:06:21] [INFO]   2. StandardScaler
[2025-11-13 22:06:21] [INFO]   3. SVR
[2025-11-13 22:06:21] [INFO] 
Hiperparametros a explorar:
[2025-11-13 22:06:21] [INFO]   svr__C: [1, 10, 100]
[2025-11-13 22:06:21] [INFO]   svr__epsilon: [0.1, 1]
[2025-11-13 22:06:21] [INFO]   svr__kernel: ['rbf', 'linear']
[2025-11-13 22:06:21] [INFO]   svr__shrinking: [True, False]
[2025-11-13 22:06:21] [INFO]   Total combinaciones: 24
[2025-11-13 22:06:21] [INFO] 
======================================================================
[2025-11-13 22:06:21] [INFO] CROSS-VALIDATION (GroupKFold, Control siempre en train)
[2025-11-13 22:06:21] [INFO] ======================================================================
[2025-11-13 22:06:21] [INFO] Metodo: GroupKFold(n_splits=4) sobre PWA
[2025-11-13 22:06:21] [INFO] En cada fold:
[2025-11-13 22:06:21] [INFO]   - Train = PWA_train + Control
[2025-11-13 22:06:21] [INFO]   - Test  = PWA_test (solo)
[2025-11-13 22:06:21] [INFO] 
Iniciando cross-validation...
[2025-11-13 22:06:21] [INFO] 
  Fold 1/4:
[2025-11-13 22:06:21] [INFO]     PWA train: 315, test: 106
[2025-11-13 22:06:21] [INFO]     + Control: 70
[2025-11-13 22:06:21] [INFO]     = Total train: 385
[2025-11-13 22:07:35] [INFO]     MAE fold: 15.539
[2025-11-13 22:07:35] [INFO]     Mejores params: {'svr__C': 100, 'svr__epsilon': 0.1, 'svr__kernel': 'rbf', 'svr__shrinking': True}
[2025-11-13 22:07:35] [INFO] 
  Fold 2/4:
[2025-11-13 22:07:35] [INFO]     PWA train: 316, test: 105
[2025-11-13 22:07:35] [INFO]     + Control: 70
[2025-11-13 22:07:35] [INFO]     = Total train: 386
[2025-11-13 22:09:26] [INFO]     MAE fold: 16.674
[2025-11-13 22:09:26] [INFO]     Mejores params: {'svr__C': 10, 'svr__epsilon': 1, 'svr__kernel': 'rbf', 'svr__shrinking': True}
[2025-11-13 22:09:26] [INFO] 
  Fold 3/4:
[2025-11-13 22:09:26] [INFO]     PWA train: 316, test: 105
[2025-11-13 22:09:26] [INFO]     + Control: 70
[2025-11-13 22:09:26] [INFO]     = Total train: 386
[2025-11-13 22:10:51] [INFO]     MAE fold: 14.953
[2025-11-13 22:10:51] [INFO]     Mejores params: {'svr__C': 10, 'svr__epsilon': 1, 'svr__kernel': 'rbf', 'svr__shrinking': True}
[2025-11-13 22:10:51] [INFO] 
  Fold 4/4:
[2025-11-13 22:10:51] [INFO]     PWA train: 316, test: 105
[2025-11-13 22:10:51] [INFO]     + Control: 70
[2025-11-13 22:10:51] [INFO]     = Total train: 386
[2025-11-13 22:12:02] [INFO]     MAE fold: 12.560
[2025-11-13 22:12:02] [INFO]     Mejores params: {'svr__C': 100, 'svr__epsilon': 0.1, 'svr__kernel': 'rbf', 'svr__shrinking': True}
[2025-11-13 22:12:02] [INFO] 
======================================================================
[2025-11-13 22:12:02] [INFO] CROSS-VALIDATION COMPLETO
[2025-11-13 22:12:02] [INFO] ======================================================================
[2025-11-13 22:12:02] [INFO] MAE promedio CV: 14.931
[2025-11-13 22:12:02] [INFO] MAE std CV:      1.503
[2025-11-13 22:12:02] [INFO] 
======================================================================
[2025-11-13 22:12:02] [INFO] EVALUACION: CV_PWA
[2025-11-13 22:12:02] [INFO] ======================================================================
[2025-11-13 22:12:02] [INFO] Metricas de regresion:
[2025-11-13 22:12:02] [INFO]   MAE:        14.933
[2025-11-13 22:12:02] [INFO]   RMSE:       21.241
[2025-11-13 22:12:02] [INFO]   R2:         0.199
[2025-11-13 22:12:02] [INFO]   Pearson r:  0.534 (p=0.0000)
[2025-11-13 22:12:02] [INFO]   Spearman:   0.594 (p=0.0000)
[2025-11-13 22:12:02] [INFO] 
Accuracy por distancia:
[2025-11-13 22:12:02] [INFO]   Acc@1:  6.41%
[2025-11-13 22:12:02] [INFO]   Acc@5:  28.27%
[2025-11-13 22:12:02] [INFO]   Acc@10: 49.64%
[2025-11-13 22:12:02] [INFO]   Exact:  0.00%
[2025-11-13 22:12:02] [INFO] 
Clasificacion por severidad:
[2025-11-13 22:12:02] [INFO]   Accuracy: 54.39%
[2025-11-13 22:12:02] [INFO] 
  Por clase:
[2025-11-13 22:12:02] [INFO]     Very Severe: Prec=0.00%, Rec=0.00%, F1=0.00%
[2025-11-13 22:12:02] [INFO]     Severe: Prec=27.03%, Rec=18.18%, F1=21.74%
[2025-11-13 22:12:02] [INFO]     Moderate: Prec=48.40%, Rec=67.95%, F1=56.53%
[2025-11-13 22:12:02] [INFO]     Mild: Prec=69.33%, Rec=68.07%, F1=68.69%
[2025-11-13 22:12:02] [INFO] 
Generando graficos...
[2025-11-13 22:12:03] [INFO] Guardados: CV_PWA_*.csv/png
[2025-11-13 22:12:03] [INFO] 
======================================================================
[2025-11-13 22:12:03] [INFO] CALIBRACION POST-HOC (Isotonic Regression)
[2025-11-13 22:12:03] [INFO] ======================================================================
[2025-11-13 22:12:03] [INFO] Entrenando calibrador en predicciones CV...
[2025-11-13 22:12:03] [INFO] Calibrador guardado: calibrator.pkl
[2025-11-13 22:12:03] [INFO] 
======================================================================
[2025-11-13 22:12:03] [INFO] EVALUACION: CV_PWA_CALIBRATED
[2025-11-13 22:12:03] [INFO] ======================================================================
[2025-11-13 22:12:03] [INFO] Metricas de regresion:
[2025-11-13 22:12:03] [INFO]   MAE:        14.546
[2025-11-13 22:12:03] [INFO]   RMSE:       18.855
[2025-11-13 22:12:03] [INFO]   R2:         0.369
[2025-11-13 22:12:03] [INFO]   Pearson r:  0.607 (p=0.0000)
[2025-11-13 22:12:03] [INFO]   Spearman:   0.620 (p=0.0000)
[2025-11-13 22:12:03] [INFO] 
Accuracy por distancia:
[2025-11-13 22:12:03] [INFO]   Acc@1:  2.85%
[2025-11-13 22:12:03] [INFO]   Acc@5:  21.38%
[2025-11-13 22:12:03] [INFO]   Acc@10: 44.66%
[2025-11-13 22:12:03] [INFO]   Exact:  0.48%
[2025-11-13 22:12:03] [INFO] 
Clasificacion por severidad:
[2025-11-13 22:12:03] [INFO]   Accuracy: 51.78%
[2025-11-13 22:12:03] [INFO] 
  Por clase:
[2025-11-13 22:12:03] [INFO]     Very Severe: Prec=0.00%, Rec=0.00%, F1=0.00%
[2025-11-13 22:12:03] [INFO]     Severe: Prec=25.00%, Rec=36.36%, F1=29.63%
[2025-11-13 22:12:03] [INFO]     Moderate: Prec=48.45%, Rec=60.26%, F1=53.71%
[2025-11-13 22:12:03] [INFO]     Mild: Prec=70.75%, Rec=62.65%, F1=66.45%
[2025-11-13 22:12:03] [INFO] 
Generando graficos...
[2025-11-13 22:12:04] [INFO] Guardados: CV_PWA_CALIBRATED_*.csv/png
[2025-11-13 22:12:04] [INFO] 
======================================================================
[2025-11-13 22:12:04] [INFO] ENTRENAMIENTO MODELO FINAL
[2025-11-13 22:12:04] [INFO] ======================================================================
[2025-11-13 22:12:04] [INFO] Training: 421 PWA + 70 Control = 491
[2025-11-13 22:12:04] [INFO] 
Entrenando Grid Search final...
[2025-11-13 22:13:44] [INFO] 
======================================================================
[2025-11-13 22:13:44] [INFO] MODELO FINAL ENTRENADO
[2025-11-13 22:13:44] [INFO] ======================================================================
[2025-11-13 22:13:44] [INFO] Mejores hiperparametros:
[2025-11-13 22:13:44] [INFO]   svr__C: 10
[2025-11-13 22:13:44] [INFO]   svr__epsilon: 0.1
[2025-11-13 22:13:44] [INFO]   svr__kernel: rbf
[2025-11-13 22:13:44] [INFO]   svr__shrinking: True
[2025-11-13 22:13:44] [INFO] Mejor MAE (CV interno): 16.219
[2025-11-13 22:13:44] [INFO] 
Modelo guardado: model_final.pkl
[2025-11-13 22:13:44] [INFO] 
======================================================================
[2025-11-13 22:13:44] [INFO] ANALISIS DE INTERPRETABILIDAD
[2025-11-13 22:13:44] [INFO] ======================================================================
[2025-11-13 22:13:45] [INFO] 
======================================================================
[2025-11-13 22:13:45] [INFO] PERMUTATION IMPORTANCE
[2025-11-13 22:13:45] [INFO] ======================================================================
[2025-11-13 22:13:45] [INFO] Calculando (n_repeats=10)...
[2025-11-13 22:13:53] [INFO] 
Top 20 features:
[2025-11-13 22:13:53] [INFO]    1. lex_ttr                                  1.5035 +/- 0.1221
[2025-11-13 22:13:53] [INFO]    2. den_determiners                          1.0735 +/- 0.0761
[2025-11-13 22:13:53] [INFO]    3. den_function_words                       0.8536 +/- 0.0813
[2025-11-13 22:13:53] [INFO]    4. den_prepositions                         0.6887 +/- 0.0766
[2025-11-13 22:13:53] [INFO]    5. den_adjectives                           0.5317 +/- 0.0452
[2025-11-13 22:13:53] [INFO]    6. den_W                                    0.5220 +/- 0.0812
[2025-11-13 22:13:53] [INFO]    7. den_OCW                                  0.5170 +/- 0.0846
[2025-11-13 22:13:53] [INFO]    8. dys_fillers_per_phone                    0.4787 +/- 0.0716
[2025-11-13 22:13:53] [INFO]    9. dys_fillers_per_word                     0.4784 +/- 0.0716
[2025-11-13 22:13:53] [INFO]   10. dys_short_pauses_per_min                 0.4782 +/- 0.0403
[2025-11-13 22:13:53] [INFO]   11. dys_pauses_per_min                       0.4248 +/- 0.0411
[2025-11-13 22:13:53] [INFO]   12. den_verbs                                0.3747 +/- 0.0556
[2025-11-13 22:13:53] [INFO]   13. dys_long_pauses_per_min                  0.3737 +/- 0.0470
[2025-11-13 22:13:53] [INFO]   14. den_light_verbs                          0.3619 +/- 0.0568
[2025-11-13 22:13:53] [INFO]   15. den_phones_utt_q1                        0.3598 +/- 0.0455
[2025-11-13 22:13:53] [INFO]   16. den_words_utt_q1                         0.3506 +/- 0.0449
[2025-11-13 22:13:53] [INFO]   17. den_pronoun_ratio                        0.3246 +/- 0.0276
[2025-11-13 22:13:53] [INFO]   18. den_nouns                                0.3159 +/- 0.0418
[2025-11-13 22:13:53] [INFO]   19. den_phones_utt_iqr                       0.3153 +/- 0.0331
[2025-11-13 22:13:53] [INFO]   20. den_words_utt_iqr                        0.3096 +/- 0.0331
[2025-11-13 22:13:54] [INFO] 
Guardado: feature_importance_permutation.csv/png
[2025-11-13 22:13:54] [INFO] 
======================================================================
[2025-11-13 22:13:54] [INFO] ANALISIS POR GRUPOS (Permutation)
[2025-11-13 22:13:54] [INFO] ======================================================================
[2025-11-13 22:13:54] [INFO] 
Importancia por grupo:
[2025-11-13 22:13:54] [INFO]   Grupo         Total      Media    Count    % Total
[2025-11-13 22:13:54] [INFO]   ------------------------------------------------------------
[2025-11-13 22:13:54] [INFO]   DEN         13.2810     0.3162       42      64.4%
[2025-11-13 22:13:54] [INFO]   DYS          5.8539     0.2661       22      28.4%
[2025-11-13 22:13:54] [INFO]   LEX          1.5035     1.5035        1       7.3%
[2025-11-13 22:13:54] [INFO] 
Guardado: feature_importance_by_group_permutation.csv/png
[2025-11-13 22:13:58] [INFO] 
======================================================================
[2025-11-13 22:13:58] [INFO] SHAP VALUES
[2025-11-13 22:13:58] [INFO] ======================================================================
[2025-11-13 22:13:58] [INFO] Calculando SHAP values...
[2025-11-13 22:13:58] [INFO]   Usando 100 samples random como background
[2025-11-13 22:13:58] [INFO]   Creando SHAP explainer...
[2025-11-13 22:13:58] [INFO]   Calculando SHAP para 84 samples de test...
[2025-11-13 22:23:32] [INFO] 
Top 20 features (SHAP):
[2025-11-13 22:23:32] [INFO]    1. den_determiners                          1.7378
[2025-11-13 22:23:32] [INFO]    2. den_function_words                       1.7255
[2025-11-13 22:23:32] [INFO]    3. den_prepositions                         1.4470
[2025-11-13 22:23:32] [INFO]    4. lex_ttr                                  1.3857
[2025-11-13 22:23:32] [INFO]    5. den_light_verbs                          0.7394
[2025-11-13 22:23:32] [INFO]    6. den_OCW                                  0.6964
[2025-11-13 22:23:32] [INFO]    7. den_verbs                                0.6278
[2025-11-13 22:23:32] [INFO]    8. dys_fillers_per_phone                    0.6041
[2025-11-13 22:23:32] [INFO]    9. dys_fillers_per_word                     0.6018
[2025-11-13 22:23:32] [INFO]   10. dys_short_pauses_per_min                 0.5245
[2025-11-13 22:23:32] [INFO]   11. dys_pause_sec_max                        0.4255
[2025-11-13 22:23:32] [INFO]   12. dys_pauses_per_min                       0.3930
[2025-11-13 22:23:32] [INFO]   13. den_W                                    0.3395
[2025-11-13 22:23:32] [INFO]   14. den_adjectives                           0.3251
[2025-11-13 22:23:32] [INFO]   15. dys_pause_sec_p10                        0.2665
[2025-11-13 22:23:32] [INFO]   16. den_noun_ratio                           0.2505
[2025-11-13 22:23:32] [INFO]   17. dys_pause_sec_p90                        0.2003
[2025-11-13 22:23:32] [INFO]   18. dys_pause_sec_kurt                       0.1942
[2025-11-13 22:23:32] [INFO]   19. den_words_utt_iqr                        0.1889
[2025-11-13 22:23:32] [INFO]   20. den_phones_utt_iqr                       0.1884
[2025-11-13 22:23:32] [INFO] 
Generando graficos SHAP...
[2025-11-13 22:23:34] [INFO]   Guardado: shap_summary_*.png
[2025-11-13 22:23:34] [INFO] Guardado: shap_values.csv, feature_importance_shap.csv
[2025-11-13 22:23:34] [INFO] 
======================================================================
[2025-11-13 22:23:34] [INFO] ANALISIS POR GRUPOS (SHAP)
[2025-11-13 22:23:34] [INFO] ======================================================================
[2025-11-13 22:23:34] [INFO] 
Importancia por grupo:
[2025-11-13 22:23:34] [INFO]   Grupo         Total      Media    Count    % Total
[2025-11-13 22:23:34] [INFO]   ------------------------------------------------------------
[2025-11-13 22:23:34] [INFO]   DEN          9.0137     0.2146       42      61.9%
[2025-11-13 22:23:34] [INFO]   DYS          4.1669     0.1894       22      28.6%
[2025-11-13 22:23:34] [INFO]   LEX          1.3857     1.3857        1       9.5%
[2025-11-13 22:23:34] [INFO] 
Guardado: feature_importance_by_group_shap.csv/png
[2025-11-13 22:23:34] [INFO] 
======================================================================
[2025-11-13 22:23:34] [INFO] IN-SAMPLE PWA (diagnostico)
[2025-11-13 22:23:34] [INFO] ======================================================================
[2025-11-13 22:23:34] [INFO] Predicciones in-sample sobre PWA...
[2025-11-13 22:23:34] [INFO] 
======================================================================
[2025-11-13 22:23:34] [INFO] EVALUACION: IN_SAMPLE_PWA_RAW
[2025-11-13 22:23:34] [INFO] ======================================================================
[2025-11-13 22:23:34] [INFO] Metricas de regresion:
[2025-11-13 22:23:34] [INFO]   MAE:        10.587
[2025-11-13 22:23:34] [INFO]   RMSE:       16.865
[2025-11-13 22:23:34] [INFO]   R2:         0.495
[2025-11-13 22:23:34] [INFO]   Pearson r:  0.743 (p=0.0000)
[2025-11-13 22:23:34] [INFO]   Spearman:   0.746 (p=0.0000)
[2025-11-13 22:23:34] [INFO] 
Accuracy por distancia:
[2025-11-13 22:23:34] [INFO]   Acc@1:  25.42%
[2025-11-13 22:23:34] [INFO]   Acc@5:  45.37%
[2025-11-13 22:23:34] [INFO]   Acc@10: 63.66%
[2025-11-13 22:23:34] [INFO]   Exact:  0.71%
[2025-11-13 22:23:34] [INFO] 
Clasificacion por severidad:
[2025-11-13 22:23:34] [INFO]   Accuracy: 64.37%
[2025-11-13 22:23:34] [INFO] 
  Por clase:
[2025-11-13 22:23:34] [INFO]     Very Severe: Prec=100.00%, Rec=6.82%, F1=12.77%
[2025-11-13 22:23:34] [INFO]     Severe: Prec=29.63%, Rec=29.09%, F1=29.36%
[2025-11-13 22:23:34] [INFO]     Moderate: Prec=62.77%, Rec=75.64%, F1=68.60%
[2025-11-13 22:23:34] [INFO]     Mild: Prec=76.14%, Rec=80.72%, F1=78.36%
[2025-11-13 22:23:34] [INFO] 
Generando graficos...
[2025-11-13 22:23:35] [INFO] Guardados: IN_SAMPLE_PWA_RAW_*.csv/png
[2025-11-13 22:23:35] [INFO] 
======================================================================
[2025-11-13 22:23:35] [INFO] EVALUACION: IN_SAMPLE_PWA_CALIBRATED
[2025-11-13 22:23:35] [INFO] ======================================================================
[2025-11-13 22:23:35] [INFO] Metricas de regresion:
[2025-11-13 22:23:35] [INFO]   MAE:        12.372
[2025-11-13 22:23:35] [INFO]   RMSE:       16.481
[2025-11-13 22:23:35] [INFO]   R2:         0.518
[2025-11-13 22:23:35] [INFO]   Pearson r:  0.728 (p=0.0000)
[2025-11-13 22:23:35] [INFO]   Spearman:   0.749 (p=0.0000)
[2025-11-13 22:23:35] [INFO] 
Accuracy por distancia:
[2025-11-13 22:23:35] [INFO]   Acc@1:  3.80%
[2025-11-13 22:23:35] [INFO]   Acc@5:  25.18%
[2025-11-13 22:23:35] [INFO]   Acc@10: 53.68%
[2025-11-13 22:23:35] [INFO]   Exact:  0.48%
[2025-11-13 22:23:35] [INFO] 
Clasificacion por severidad:
[2025-11-13 22:23:35] [INFO]   Accuracy: 58.43%
[2025-11-13 22:23:35] [INFO] 
  Por clase:
[2025-11-13 22:23:35] [INFO]     Very Severe: Prec=0.00%, Rec=0.00%, F1=0.00%
[2025-11-13 22:23:35] [INFO]     Severe: Prec=29.76%, Rec=45.45%, F1=35.97%
[2025-11-13 22:23:35] [INFO]     Moderate: Prec=56.35%, Rec=71.15%, F1=62.89%
[2025-11-13 22:23:35] [INFO]     Mild: Prec=78.57%, Rec=66.27%, F1=71.90%
[2025-11-13 22:23:35] [INFO] 
Generando graficos...
[2025-11-13 22:23:36] [INFO] Guardados: IN_SAMPLE_PWA_CALIBRATED_*.csv/png
[2025-11-13 22:23:36] [INFO] 
======================================================================
[2025-11-13 22:23:36] [INFO] RESUMEN FINAL
[2025-11-13 22:23:36] [INFO] ======================================================================
[2025-11-13 22:23:36] [INFO] 
Directorio de resultados: /lhome/ext/upc150/upc1503/afasia_cat/codigos_julio2025/outputs/experiments/resultados_svr/SVR_FINAL_20251113_220621
[2025-11-13 22:23:36] [INFO] 
Pacientes procesados:
[2025-11-13 22:23:36] [INFO]   PWA (para CV y eval):     421
[2025-11-13 22:23:36] [INFO]   Control (solo en train):  70
[2025-11-13 22:23:36] [INFO]   TOTAL:                    491
[2025-11-13 22:23:36] [INFO] 
Features utilizadas:
[2025-11-13 22:23:36] [INFO]   DEN: 42
[2025-11-13 22:23:36] [INFO]   DYS: 22
[2025-11-13 22:23:36] [INFO]   LEX: 1
[2025-11-13 22:23:36] [INFO]   TOTAL: 65
[2025-11-13 22:23:36] [INFO] 
Metricas CV (calibrado):
[2025-11-13 22:23:36] [INFO]   MAE:                14.546
[2025-11-13 22:23:36] [INFO]   RMSE:               18.855
[2025-11-13 22:23:36] [INFO]   R2:                 0.369
[2025-11-13 22:23:36] [INFO]   Pearson r:          0.607
[2025-11-13 22:23:36] [INFO]   Spearman rho:       0.620
[2025-11-13 22:23:36] [INFO]   Acc@5:              21.4%
[2025-11-13 22:23:36] [INFO]   Severity Accuracy:  51.8%
[2025-11-13 22:23:36] [INFO] 
======================================================================
[2025-11-13 22:23:36] [INFO] PROCESO COMPLETADO EXITOSAMENTE
[2025-11-13 22:23:36] [INFO] ======================================================================
[2025-11-13 22:23:36] [INFO] Timestamp: 2025-11-13 22:23:36
[2025-11-13 22:23:36] [INFO] Resultados en: /lhome/ext/upc150/upc1503/afasia_cat/codigos_julio2025/outputs/experiments/resultados_svr/SVR_FINAL_20251113_220621
[2025-11-13 22:23:36] [INFO] ======================================================================

